<?xml version="1.0" encoding="UTF-8"?>
<!-- Generated by org.testng.reporters.JUnitReportReporter -->
<testsuite hostname="DESKTOP-FUGQNF4" failures="0" tests="1" name="com.crm.autodesk.LeadsTest.CreateLeadsTest" time="16.691" errors="0" timestamp="2022-10-28T21:21:58 IST" skipped="0">
  <testcase classname="com.crm.autodesk.LeadsTest.CreateLeadsTest" name="createLeads" time="16.691"/>
  <system-out/>
</testsuite> <!-- com.crm.autodesk.LeadsTest.CreateLeadsTest -->
